

Microchip Technology PIC LITE Macro Assembler V1.44 build -154322312 
                                                                                               Mon Dec 11 15:37:09 2017

Microchip Technology Omniscient Code Generator v1.44 (Free mode) build 201709140600
     1                           	processor	12F675
     2                           	opt	pw 120
     3                           	opt	lm
     4                           	psect	cinit,global,class=CODE,merge=1,delta=2
     5                           	psect	cstackBANK0,global,class=BANK0,space=1,delta=1
     6                           	psect	maintext,global,class=CODE,split=1,delta=2
     7                           	dabs	1,0x5E,2
     8  0000                     
     9                           ; Version 1.44
    10                           ; Generated 14/09/2017 GMT
    11                           ; 
    12                           ; Copyright © 2017, Microchip Technology Inc. and its subsidiaries ("Microchip")
    13                           ; All rights reserved.
    14                           ; 
    15                           ; This software is developed by Microchip Technology Inc. and its subsidiaries ("Microch
      +                          ip").
    16                           ; 
    17                           ; Redistribution and use in source and binary forms, with or without modification, are
    18                           ; permitted provided that the following conditions are met:
    19                           ; 
    20                           ;     1. Redistributions of source code must retain the above copyright notice, this lis
      +                          t of
    21                           ;        conditions and the following disclaimer.
    22                           ; 
    23                           ;     2. Redistributions in binary form must reproduce the above copyright notice, this 
      +                          list
    24                           ;        of conditions and the following disclaimer in the documentation and/or other
    25                           ;        materials provided with the distribution.
    26                           ; 
    27                           ;     3. Microchip's name may not be used to endorse or promote products derived from th
      +                          is
    28                           ;        software without specific prior written permission.
    29                           ; 
    30                           ; THIS SOFTWARE IS PROVIDED BY MICROCHIP "AS IS" AND ANY EXPRESS OR IMPLIED WARRANTIES,
    31                           ; INCLUDING, BUT NOT LIMITED TO, THE IMPLIED WARRANTIES OF MERCHANTABILITY AND FITNESS F
      +                          OR
    32                           ; PURPOSE ARE DISCLAIMED.  IN NO EVENT SHALL MICROCHIP BE LIABLE FOR ANY DIRECT, INDIREC
      +                          T,
    33                           ; INCIDENTAL, SPECIAL, EXEMPLARY, OR CONSEQUENTIAL DAMAGES (INCLUDING BUT NOT LIMITED TO
    34                           ; PROCUREMENT OF SUBSTITUTE GOODS OR SERVICES; LOSS OF USE, DATA OR PROFITS; OR BUSINESS
    35                           ; INTERRUPTION) HOWSOEVER CAUSED AND ON ANY THEORY OF LIABILITY, WHETHER IN CONTRACT, ST
      +                          RICT
    36                           ; LIABILITY, OR TORT (INCLUDING NEGLIGENCE OR OTHERWISE) ARISING IN ANY WAY OUT OF THE U
      +                          SE OF
    37                           ; THIS SOFTWARE, EVEN IF ADVISED OF THE POSSIBILITY OF SUCH DAMAGE.
    38                           ; 
    39                           ; 
    40                           ; Code-generator required, PIC12F675 Definitions
    41                           ; 
    42                           ; SFR Addresses
    43  0000                     	;# 
    44  0001                     	;# 
    45  0002                     	;# 
    46  0003                     	;# 
    47  0004                     	;# 
    48  0005                     	;# 
    49  000A                     	;# 
    50  000B                     	;# 
    51  000C                     	;# 
    52  000E                     	;# 
    53  000E                     	;# 
    54  000F                     	;# 
    55  0010                     	;# 
    56  0019                     	;# 
    57  001E                     	;# 
    58  001F                     	;# 
    59  0081                     	;# 
    60  0085                     	;# 
    61  008C                     	;# 
    62  008E                     	;# 
    63  0090                     	;# 
    64  0095                     	;# 
    65  0096                     	;# 
    66  0096                     	;# 
    67  0099                     	;# 
    68  009A                     	;# 
    69  009A                     	;# 
    70  009B                     	;# 
    71  009C                     	;# 
    72  009D                     	;# 
    73  009E                     	;# 
    74  009F                     	;# 
    75  0001                     _TMR0	set	1
    76  0019                     _CMCON	set	25
    77  001E                     _ADRESH	set	30
    78  001F                     _ADCON0	set	31
    79  002A                     _GP2	set	42
    80  00F9                     _GO_nDONE	set	249
    81  0081                     _OPTION_REG	set	129
    82  0099                     _VRCON	set	153
    83  009F                     _ANSEL	set	159
    84  009E                     _ADRESL	set	158
    85  042A                     _TRISIO2	set	1066
    86  0429                     _TRISIO1	set	1065
    87  042D                     _TRISIO5	set	1069
    88  042B                     _TRISIO3	set	1067
    89  042C                     _TRISIO4	set	1068
    90  0428                     _TRISIO0	set	1064
    91                           
    92                           ; #config settings
    93  0000                     
    94                           	psect	cinit
    95  03FD                     start_initialization:	
    96  03FD                     __initialization:	
    97  03FD                     end_of_initialization:	
    98                           ;End of C runtime variable initialization code
    99                           
   100  03FD                     __end_of__initialization:	
   101  03FD  0183               	clrf	3
   102  03FE  2BC3               	ljmp	_main	;jump to C main() function
   103                           
   104                           	psect	cstackBANK0
   105  0020                     __pcstackBANK0:	
   106  0020                     ?_main:	
   107  0020                     ??_main:	
   108                           ; 1 bytes @ 0x0
   109                           
   110                           
   111                           ; 1 bytes @ 0x0
   112  0020                     	ds	3
   113  0023                     main@count:	
   114                           
   115                           ; 2 bytes @ 0x3
   116  0023                     	ds	2
   117  0025                     main@ADC_value:	
   118                           
   119                           ; 2 bytes @ 0x5
   120  0025                     	ds	2
   121  0027                     main@ADC_value1:	
   122                           
   123                           ; 2 bytes @ 0x7
   124  0027                     	ds	2
   125                           
   126                           	psect	maintext
   127  03C3                     __pmaintext:	
   128 ;;
   129 ;;Main: autosize = 0, tempsize = 3, incstack = 0, save=0
   130 ;;
   131 ;; *************** function _main *****************
   132 ;; Defined at:
   133 ;;		line 73 in file "mainanalogtimer.c"
   134 ;; Parameters:    Size  Location     Type
   135 ;;		None
   136 ;; Auto vars:     Size  Location     Type
   137 ;;  ADC_value1      2    7[BANK0 ] unsigned int 
   138 ;;  ADC_value       2    5[BANK0 ] unsigned int 
   139 ;;  count           2    3[BANK0 ] int 
   140 ;;  digit4          2    0        unsigned int 
   141 ;;  digit3          2    0        unsigned int 
   142 ;;  digit2          2    0        unsigned int 
   143 ;;  digit1          2    0        unsigned int 
   144 ;; Return value:  Size  Location     Type
   145 ;;                  1    wreg      void 
   146 ;; Registers used:
   147 ;;		wreg, status,2
   148 ;; Tracked objects:
   149 ;;		On entry : B00/0
   150 ;;		On exit  : 0/0
   151 ;;		Unchanged: 0/0
   152 ;; Data sizes:     COMMON   BANK0
   153 ;;      Params:         0       0
   154 ;;      Locals:         0       6
   155 ;;      Temps:          0       3
   156 ;;      Totals:         0       9
   157 ;;Total ram usage:        9 bytes
   158 ;; This function calls:
   159 ;;		Nothing
   160 ;; This function is called by:
   161 ;;		Startup code after reset
   162 ;; This function uses a non-reentrant model
   163 ;;
   164                           
   165                           
   166                           ;psect for function _main
   167  03C3                     _main:	
   168                           
   169                           ;mainanalogtimer.c: 76: TRISIO0 = 0;
   170                           
   171                           ;incstack = 0
   172                           ; Regs used in _main: [wreg+status,2]
   173  03C3  1683               	bsf	3,5	;RP0=1, select bank1
   174  03C4  1005               	bcf	5,0	;volatile
   175                           
   176                           ;mainanalogtimer.c: 77: TRISIO4 = 1;
   177  03C5  1605               	bsf	5,4	;volatile
   178                           
   179                           ;mainanalogtimer.c: 78: TRISIO3 = 1;
   180  03C6  1585               	bsf	5,3	;volatile
   181                           
   182                           ;mainanalogtimer.c: 79: TRISIO5 = 1;
   183  03C7  1685               	bsf	5,5	;volatile
   184                           
   185                           ;mainanalogtimer.c: 81: TRISIO1 = 1;
   186  03C8  1485               	bsf	5,1	;volatile
   187                           
   188                           ;mainanalogtimer.c: 82: TRISIO2 = 0;
   189  03C9  1105               	bcf	5,2	;volatile
   190                           
   191                           ;mainanalogtimer.c: 84: ANSEL = 0X09;
   192  03CA  3009               	movlw	9
   193  03CB  009F               	movwf	31	;volatile
   194                           
   195                           ;mainanalogtimer.c: 85: CMCON = 0X07;
   196  03CC  3007               	movlw	7
   197  03CD  1283               	bcf	3,5	;RP0=0, select bank0
   198  03CE  0099               	movwf	25	;volatile
   199                           
   200                           ;mainanalogtimer.c: 86: ADCON0 = 0X83;
   201  03CF  3083               	movlw	131
   202  03D0  009F               	movwf	31	;volatile
   203                           
   204                           ;mainanalogtimer.c: 87: VRCON = 0X00;
   205  03D1  1683               	bsf	3,5	;RP0=1, select bank1
   206  03D2  0199               	clrf	25	;volatile
   207                           
   208                           ;mainanalogtimer.c: 88: OPTION_REG = 0x07;
   209  03D3  3007               	movlw	7
   210  03D4  0081               	movwf	1	;volatile
   211                           
   212                           ;mainanalogtimer.c: 89: TMR0 = 0x00;
   213  03D5  1283               	bcf	3,5	;RP0=0, select bank0
   214  03D6  0181               	clrf	1	;volatile
   215                           
   216                           ;mainanalogtimer.c: 99: int count = 0;
   217  03D7  01A3               	clrf	main@count
   218  03D8  01A4               	clrf	main@count+1
   219                           
   220                           ;mainanalogtimer.c: 100: GP2 = 0;
   221  03D9  1105               	bcf	5,2	;volatile
   222                           
   223                           ;mainanalogtimer.c: 101: unsigned int ADC_value = 0;
   224  03DA  01A5               	clrf	main@ADC_value
   225  03DB  01A6               	clrf	main@ADC_value+1
   226                           
   227                           ;mainanalogtimer.c: 102: unsigned int ADC_value1 = 0;
   228  03DC  01A7               	clrf	main@ADC_value1
   229  03DD  01A8               	clrf	main@ADC_value1+1
   230  03DE                     l557:	
   231                           ;mainanalogtimer.c: 104: unsigned int digit1, digit2, digit3, digit4;
   232                           ;mainanalogtimer.c: 109: while(1)
   233                           
   234                           
   235                           ;mainanalogtimer.c: 110: {
   236                           ;mainanalogtimer.c: 145: GP2 = 1;
   237  03DE  1283               	bcf	3,5	;RP0=0, select bank0
   238  03DF  1505               	bsf	5,2	;volatile
   239                           
   240                           ;mainanalogtimer.c: 146: _delay((unsigned long)((500)*(4000000/4000.0)));
   241  03E0  3003               	movlw	3
   242  03E1  00A2               	movwf	??_main+2
   243  03E2  308A               	movlw	138
   244  03E3  00A1               	movwf	??_main+1
   245  03E4  3055               	movlw	85
   246  03E5  00A0               	movwf	??_main
   247  03E6                     u27:	
   248  03E6  0BA0               	decfsz	??_main,f
   249  03E7  2BE6               	goto	u27
   250  03E8  0BA1               	decfsz	??_main+1,f
   251  03E9  2BE6               	goto	u27
   252  03EA  0BA2               	decfsz	??_main+2,f
   253  03EB  2BE6               	goto	u27
   254  03EC  2BED               	nop2
   255                           
   256                           ;mainanalogtimer.c: 147: GP2 = 0;
   257  03ED  1283               	bcf	3,5	;RP0=0, select bank0
   258  03EE  1105               	bcf	5,2	;volatile
   259                           
   260                           ;mainanalogtimer.c: 148: _delay((unsigned long)((500)*(4000000/4000.0)));
   261  03EF  3003               	movlw	3
   262  03F0  00A2               	movwf	??_main+2
   263  03F1  308A               	movlw	138
   264  03F2  00A1               	movwf	??_main+1
   265  03F3  3055               	movlw	85
   266  03F4  00A0               	movwf	??_main
   267  03F5                     u37:	
   268  03F5  0BA0               	decfsz	??_main,f
   269  03F6  2BF5               	goto	u37
   270  03F7  0BA1               	decfsz	??_main+1,f
   271  03F8  2BF5               	goto	u37
   272  03F9  0BA2               	decfsz	??_main+2,f
   273  03FA  2BF5               	goto	u37
   274  03FB  2BFC               	nop2
   275  03FC  2BDE               	goto	l557
   276  03FD                     __end_of_main:	
   277  005E                     btemp	set	94	;btemp
   278  005E                     wtemp0	set	94


Data Sizes:
    Strings     0
    Constant    0
    Data        0
    BSS         0
    Persistent  0
    Stack       0

Auto Spaces:
    Space          Size  Autos    Used
    COMMON            0      0       0
    BANK0            62      9       9

Pointer List with Targets:

    None.

Critical Paths under _main in COMMON

    None.

Critical Paths under _main in BANK0

    None.

Call Graph Tables:

 ---------------------------------------------------------------------------------
 (Depth) Function   	        Calls       Base Space   Used Autos Params    Refs
 ---------------------------------------------------------------------------------
 (0) _main                                                17    17      0       3
                                              0 BANK0      9     9      0
 ---------------------------------------------------------------------------------
 Estimated maximum stack depth 0
 ---------------------------------------------------------------------------------

 Call Graph Graphs:

 _main (ROOT)

 Address spaces:
Name               Size   Autos  Total    Cost      Usage
BITCOMMON            0      0       0       0        0.0%
EEDATA              80      0       0       0        0.0%
NULL                 0      0       0       0        0.0%
CODE                 0      0       0       0        0.0%
BITSFR0              0      0       0       1        0.0%
SFR0                 0      0       0       1        0.0%
COMMON               0      0       0       1        0.0%
BITSFR1              0      0       0       2        0.0%
SFR1                 0      0       0       2        0.0%
STACK                0      0       0       2        0.0%
BITBANK0            3E      0       0       3        0.0%
BANK0               3E      9       9       4       14.5%
ABS                  0      0       0       5        0.0%
DATA                 0      0       0       6        0.0%


Microchip Technology PIC Macro Assembler V1.44 build -154322312 
Symbol Table                                                                                   Mon Dec 11 15:37:09 2017

            __CFG_CP$OFF 0000                       u27 03E6                       u37 03F5  
                    l557 03DE                      _GP2 002A             __CFG_CPD$OFF 0000  
                   _TMR0 0001                     _main 03C3                     btemp 005E  
          __CFG_BOREN$ON 0000                     start 0000                    ?_main 0020  
          __CFG_WDTE$OFF 0000                    _CMCON 0019                    _ANSEL 009F  
                  _VRCON 0099                    status 0003                    wtemp0 005E  
         __CFG_MCLRE$OFF 0000          __initialization 03FD             __end_of_main 03FD  
                 ??_main 0020                   _ADCON0 001F                   _ADRESH 001E  
                 _ADRESL 009E           __CFG_PWRTE$OFF 0000  __end_of__initialization 03FD  
             __pmaintext 03C3                  _TRISIO0 0428                  _TRISIO1 0429  
                _TRISIO2 042A                  _TRISIO3 042B                  _TRISIO4 042C  
                _TRISIO5 042D     end_of_initialization 03FD      start_initialization 03FD  
              ___latbits 0000            __pcstackBANK0 0020                 _GO_nDONE 00F9  
              main@count 0023           main@ADC_value1 0027            __size_of_main 003A  
          main@ADC_value 0025               _OPTION_REG 0081        __CFG_FOSC$INTRCIO 0000  
