

Microchip Technology PIC LITE Macro Assembler V1.44 build -154322312 
                                                                                               Wed Dec 13 10:19:10 2017

Microchip Technology Omniscient Code Generator v1.44 (Free mode) build 201709140600
     1                           	processor	16F883
     2                           	opt	pw 120
     3                           	opt	lm
     4                           	psect	cinit,global,class=CODE,merge=1,delta=2
     5                           	psect	cstackCOMMON,global,class=COMMON,space=1,delta=1
     6                           	psect	maintext,global,class=CODE,split=1,delta=2
     7                           	dabs	1,0x7E,2
     8  0000                     
     9                           ; Version 1.44
    10                           ; Generated 14/09/2017 GMT
    11                           ; 
    12                           ; Copyright © 2017, Microchip Technology Inc. and its subsidiaries ("Microchip")
    13                           ; All rights reserved.
    14                           ; 
    15                           ; This software is developed by Microchip Technology Inc. and its subsidiaries ("Microch
      +                          ip").
    16                           ; 
    17                           ; Redistribution and use in source and binary forms, with or without modification, are
    18                           ; permitted provided that the following conditions are met:
    19                           ; 
    20                           ;     1. Redistributions of source code must retain the above copyright notice, this lis
      +                          t of
    21                           ;        conditions and the following disclaimer.
    22                           ; 
    23                           ;     2. Redistributions in binary form must reproduce the above copyright notice, this 
      +                          list
    24                           ;        of conditions and the following disclaimer in the documentation and/or other
    25                           ;        materials provided with the distribution.
    26                           ; 
    27                           ;     3. Microchip's name may not be used to endorse or promote products derived from th
      +                          is
    28                           ;        software without specific prior written permission.
    29                           ; 
    30                           ; THIS SOFTWARE IS PROVIDED BY MICROCHIP "AS IS" AND ANY EXPRESS OR IMPLIED WARRANTIES,
    31                           ; INCLUDING, BUT NOT LIMITED TO, THE IMPLIED WARRANTIES OF MERCHANTABILITY AND FITNESS F
      +                          OR
    32                           ; PURPOSE ARE DISCLAIMED.  IN NO EVENT SHALL MICROCHIP BE LIABLE FOR ANY DIRECT, INDIREC
      +                          T,
    33                           ; INCIDENTAL, SPECIAL, EXEMPLARY, OR CONSEQUENTIAL DAMAGES (INCLUDING BUT NOT LIMITED TO
    34                           ; PROCUREMENT OF SUBSTITUTE GOODS OR SERVICES; LOSS OF USE, DATA OR PROFITS; OR BUSINESS
    35                           ; INTERRUPTION) HOWSOEVER CAUSED AND ON ANY THEORY OF LIABILITY, WHETHER IN CONTRACT, ST
      +                          RICT
    36                           ; LIABILITY, OR TORT (INCLUDING NEGLIGENCE OR OTHERWISE) ARISING IN ANY WAY OUT OF THE U
      +                          SE OF
    37                           ; THIS SOFTWARE, EVEN IF ADVISED OF THE POSSIBILITY OF SUCH DAMAGE.
    38                           ; 
    39                           ; 
    40                           ; Code-generator required, PIC16F883 Definitions
    41                           ; 
    42                           ; SFR Addresses
    43  0000                     	;# 
    44  0001                     	;# 
    45  0002                     	;# 
    46  0003                     	;# 
    47  0004                     	;# 
    48  0005                     	;# 
    49  0006                     	;# 
    50  0007                     	;# 
    51  0009                     	;# 
    52  000A                     	;# 
    53  000B                     	;# 
    54  000C                     	;# 
    55  000D                     	;# 
    56  000E                     	;# 
    57  000E                     	;# 
    58  000F                     	;# 
    59  0010                     	;# 
    60  0011                     	;# 
    61  0012                     	;# 
    62  0013                     	;# 
    63  0014                     	;# 
    64  0015                     	;# 
    65  0015                     	;# 
    66  0016                     	;# 
    67  0017                     	;# 
    68  0018                     	;# 
    69  0019                     	;# 
    70  001A                     	;# 
    71  001B                     	;# 
    72  001B                     	;# 
    73  001C                     	;# 
    74  001D                     	;# 
    75  001E                     	;# 
    76  001F                     	;# 
    77  0081                     	;# 
    78  0085                     	;# 
    79  0086                     	;# 
    80  0087                     	;# 
    81  0089                     	;# 
    82  008C                     	;# 
    83  008D                     	;# 
    84  008E                     	;# 
    85  008F                     	;# 
    86  0090                     	;# 
    87  0091                     	;# 
    88  0092                     	;# 
    89  0093                     	;# 
    90  0093                     	;# 
    91  0093                     	;# 
    92  0094                     	;# 
    93  0095                     	;# 
    94  0096                     	;# 
    95  0097                     	;# 
    96  0098                     	;# 
    97  0099                     	;# 
    98  009A                     	;# 
    99  009B                     	;# 
   100  009C                     	;# 
   101  009D                     	;# 
   102  009E                     	;# 
   103  009F                     	;# 
   104  0105                     	;# 
   105  0107                     	;# 
   106  0108                     	;# 
   107  0109                     	;# 
   108  010C                     	;# 
   109  010C                     	;# 
   110  010D                     	;# 
   111  010E                     	;# 
   112  010F                     	;# 
   113  0185                     	;# 
   114  0187                     	;# 
   115  0188                     	;# 
   116  0189                     	;# 
   117  018C                     	;# 
   118  018D                     	;# 
   119  002B                     _RA3	set	43
   120  0087                     _TRISC	set	135
   121  0086                     _TRISB	set	134
   122  0085                     _TRISA	set	133
   123                           
   124                           ; #config settings
   125  0000                     
   126                           	psect	cinit
   127  07FD                     start_initialization:	
   128  07FD                     __initialization:	
   129  07FD                     end_of_initialization:	
   130                           ;End of C runtime variable initialization code
   131                           
   132  07FD                     __end_of__initialization:	
   133  07FD  0183               	clrf	3
   134  07FE  118A  2FD6         	ljmp	_main	;jump to C main() function
   135                           
   136                           	psect	cstackCOMMON
   137  0070                     __pcstackCOMMON:	
   138  0070                     ?_main:	
   139  0070                     ??_main:	
   140                           ; 1 bytes @ 0x0
   141                           
   142                           
   143                           ; 1 bytes @ 0x0
   144  0070                     	ds	3
   145                           
   146                           	psect	maintext
   147  07D6                     __pmaintext:	
   148 ;;
   149 ;;Main: autosize = 0, tempsize = 3, incstack = 0, save=0
   150 ;;
   151 ;; *************** function _main *****************
   152 ;; Defined at:
   153 ;;		line 37 in file "newmain.c"
   154 ;; Parameters:    Size  Location     Type
   155 ;;		None
   156 ;; Auto vars:     Size  Location     Type
   157 ;;		None
   158 ;; Return value:  Size  Location     Type
   159 ;;                  1    wreg      void 
   160 ;; Registers used:
   161 ;;		wreg, status,2
   162 ;; Tracked objects:
   163 ;;		On entry : B00/0
   164 ;;		On exit  : 0/0
   165 ;;		Unchanged: 0/0
   166 ;; Data sizes:     COMMON   BANK0   BANK1   BANK2
   167 ;;      Params:         0       0       0       0
   168 ;;      Locals:         0       0       0       0
   169 ;;      Temps:          3       0       0       0
   170 ;;      Totals:         3       0       0       0
   171 ;;Total ram usage:        3 bytes
   172 ;; This function calls:
   173 ;;		Nothing
   174 ;; This function is called by:
   175 ;;		Startup code after reset
   176 ;; This function uses a non-reentrant model
   177 ;;
   178                           
   179                           
   180                           ;psect for function _main
   181  07D6                     _main:	
   182                           
   183                           ;newmain.c: 40: TRISA = 0x00;
   184                           
   185                           ;incstack = 0
   186                           ; Regs used in _main: [wreg+status,2]
   187  07D6  1683               	bsf	3,5	;RP0=1, select bank1
   188  07D7  1303               	bcf	3,6	;RP1=0, select bank1
   189  07D8  0185               	clrf	5	;volatile
   190                           
   191                           ;newmain.c: 41: TRISB = 0xF0;
   192  07D9  30F0               	movlw	240
   193  07DA  0086               	movwf	6	;volatile
   194                           
   195                           ;newmain.c: 42: TRISC = 0x00;
   196  07DB  0187               	clrf	7	;volatile
   197  07DC                     l484:	
   198                           ;newmain.c: 45: while(1)
   199                           
   200                           
   201                           ;newmain.c: 46: {
   202                           ;newmain.c: 47: RA3 = 1;
   203  07DC  1283               	bcf	3,5	;RP0=0, select bank0
   204  07DD  1303               	bcf	3,6	;RP1=0, select bank0
   205  07DE  1585               	bsf	5,3	;volatile
   206                           
   207                           ;newmain.c: 48: _delay((unsigned long)((1000)*(4000000/4000.0)));
   208  07DF  3006               	movlw	6
   209  07E0  00F2               	movwf	??_main+2
   210  07E1  3013               	movlw	19
   211  07E2  00F1               	movwf	??_main+1
   212  07E3  30AD               	movlw	173
   213  07E4  00F0               	movwf	??_main
   214  07E5                     u17:	
   215  07E5  0BF0               	decfsz	??_main,f
   216  07E6  2FE5               	goto	u17
   217  07E7  0BF1               	decfsz	??_main+1,f
   218  07E8  2FE5               	goto	u17
   219  07E9  0BF2               	decfsz	??_main+2,f
   220  07EA  2FE5               	goto	u17
   221  07EB  2FEC               	nop2
   222                           
   223                           ;newmain.c: 49: RA3 = 0;
   224  07EC  1283               	bcf	3,5	;RP0=0, select bank0
   225  07ED  1303               	bcf	3,6	;RP1=0, select bank0
   226  07EE  1185               	bcf	5,3	;volatile
   227                           
   228                           ;newmain.c: 50: _delay((unsigned long)((1000)*(4000000/4000.0)));
   229  07EF  3006               	movlw	6
   230  07F0  00F2               	movwf	??_main+2
   231  07F1  3013               	movlw	19
   232  07F2  00F1               	movwf	??_main+1
   233  07F3  30AD               	movlw	173
   234  07F4  00F0               	movwf	??_main
   235  07F5                     u27:	
   236  07F5  0BF0               	decfsz	??_main,f
   237  07F6  2FF5               	goto	u27
   238  07F7  0BF1               	decfsz	??_main+1,f
   239  07F8  2FF5               	goto	u27
   240  07F9  0BF2               	decfsz	??_main+2,f
   241  07FA  2FF5               	goto	u27
   242  07FB  2FFC               	nop2
   243  07FC  2FDC               	goto	l484
   244  07FD                     __end_of_main:	
   245  007E                     btemp	set	126	;btemp
   246  007E                     wtemp0	set	126


Data Sizes:
    Strings     0
    Constant    0
    Data        0
    BSS         0
    Persistent  0
    Stack       0

Auto Spaces:
    Space          Size  Autos    Used
    COMMON           14      3       3
    BANK0            80      0       0
    BANK1            80      0       0
    BANK2            80      0       0

Pointer List with Targets:

    None.

Critical Paths under _main in COMMON

    None.

Critical Paths under _main in BANK0

    None.

Critical Paths under _main in BANK1

    None.

Critical Paths under _main in BANK2

    None.

Call Graph Tables:

 ---------------------------------------------------------------------------------
 (Depth) Function   	        Calls       Base Space   Used Autos Params    Refs
 ---------------------------------------------------------------------------------
 (0) _main                                                 3     3      0       0
                                              0 COMMON     3     3      0
 ---------------------------------------------------------------------------------
 Estimated maximum stack depth 0
 ---------------------------------------------------------------------------------

 Call Graph Graphs:

 _main (ROOT)

 Address spaces:
Name               Size   Autos  Total    Cost      Usage
BITCOMMON            E      0       0       0        0.0%
EEDATA             100      0       0       0        0.0%
NULL                 0      0       0       0        0.0%
CODE                 0      0       0       0        0.0%
COMMON               E      3       3       1       21.4%
BITSFR0              0      0       0       1        0.0%
SFR0                 0      0       0       1        0.0%
BITSFR1              0      0       0       2        0.0%
SFR1                 0      0       0       2        0.0%
STACK                0      0       0       2        0.0%
BANK0               50      0       0       3        0.0%
BITBANK1            50      0       0       4        0.0%
BITSFR3              0      0       0       4        0.0%
SFR3                 0      0       0       4        0.0%
BANK1               50      0       0       5        0.0%
BITSFR2              0      0       0       5        0.0%
SFR2                 0      0       0       5        0.0%
BITBANK2            50      0       0       6        0.0%
BANK2               50      0       0       7        0.0%
ABS                  0      0       0       8        0.0%
BITBANK0            50      0       0       9        0.0%
DATA                 0      0       0      10        0.0%


Microchip Technology PIC Macro Assembler V1.44 build -154322312 
Symbol Table                                                                                   Wed Dec 13 10:19:10 2017

            __CFG_CP$OFF 0000                       u17 07E5                       u27 07F5  
                    l484 07DC                      _RA3 002B             __CFG_CPD$OFF 0000  
           __CFG_LVP$OFF 0000             __CFG_WRT$OFF 0000                     _main 07D6  
                   btemp 007E            __CFG_BOREN$ON 0000                     start 0000  
          __CFG_IESO$OFF 0000                    ?_main 0070            __CFG_WDTE$OFF 0000  
                  _TRISA 0085                    _TRISB 0086                    _TRISC 0087  
         __CFG_FCMEN$OFF 0000                    status 0003                    wtemp0 007E  
         __CFG_MCLRE$OFF 0000          __initialization 07FD             __end_of_main 07FD  
                 ??_main 0070           __CFG_PWRTE$OFF 0000  __end_of__initialization 07FD  
         __pcstackCOMMON 0070               __pmaintext 07D6     end_of_initialization 07FD  
    start_initialization 07FD                ___latbits 0001   __CFG_FOSC$INTRC_CLKOUT 0000  
      __CFG_BOR4V$BOR40V 0000            __size_of_main 0027  
