

Microchip Technology PIC LITE Macro Assembler V1.44 build -154322312 
                                                                                               Tue Dec 05 13:27:19 2017

Microchip Technology Omniscient Code Generator v1.44 (Free mode) build 201709140600
     1                           	processor	12F508
     2                           	opt	pw 120
     3                           	opt	lm
     4                           	psect	cinit,global,class=ENTRY,merge=1,delta=2
     5                           	psect	cstackCOMMON,global,class=COMMON,space=1,delta=1
     6                           	psect	cstackBANK0,global,class=BANK0,space=1,delta=1
     7                           	psect	maintext,global,class=CODE,split=1,delta=2
     8                           	dabs	1,0x1C,4
     9  0000                     
    10                           ; Version 1.44
    11                           ; Generated 14/09/2017 GMT
    12                           ; 
    13                           ; Copyright © 2017, Microchip Technology Inc. and its subsidiaries ("Microchip")
    14                           ; All rights reserved.
    15                           ; 
    16                           ; This software is developed by Microchip Technology Inc. and its subsidiaries ("Microch
      +                          ip").
    17                           ; 
    18                           ; Redistribution and use in source and binary forms, with or without modification, are
    19                           ; permitted provided that the following conditions are met:
    20                           ; 
    21                           ;     1. Redistributions of source code must retain the above copyright notice, this lis
      +                          t of
    22                           ;        conditions and the following disclaimer.
    23                           ; 
    24                           ;     2. Redistributions in binary form must reproduce the above copyright notice, this 
      +                          list
    25                           ;        of conditions and the following disclaimer in the documentation and/or other
    26                           ;        materials provided with the distribution.
    27                           ; 
    28                           ;     3. Microchip's name may not be used to endorse or promote products derived from th
      +                          is
    29                           ;        software without specific prior written permission.
    30                           ; 
    31                           ; THIS SOFTWARE IS PROVIDED BY MICROCHIP "AS IS" AND ANY EXPRESS OR IMPLIED WARRANTIES,
    32                           ; INCLUDING, BUT NOT LIMITED TO, THE IMPLIED WARRANTIES OF MERCHANTABILITY AND FITNESS F
      +                          OR
    33                           ; PURPOSE ARE DISCLAIMED.  IN NO EVENT SHALL MICROCHIP BE LIABLE FOR ANY DIRECT, INDIREC
      +                          T,
    34                           ; INCIDENTAL, SPECIAL, EXEMPLARY, OR CONSEQUENTIAL DAMAGES (INCLUDING BUT NOT LIMITED TO
    35                           ; PROCUREMENT OF SUBSTITUTE GOODS OR SERVICES; LOSS OF USE, DATA OR PROFITS; OR BUSINESS
    36                           ; INTERRUPTION) HOWSOEVER CAUSED AND ON ANY THEORY OF LIABILITY, WHETHER IN CONTRACT, ST
      +                          RICT
    37                           ; LIABILITY, OR TORT (INCLUDING NEGLIGENCE OR OTHERWISE) ARISING IN ANY WAY OUT OF THE U
      +                          SE OF
    38                           ; THIS SOFTWARE, EVEN IF ADVISED OF THE POSSIBILITY OF SUCH DAMAGE.
    39                           ; 
    40                           ; 
    41                           ; Code-generator required, PIC12F508 Definitions
    42                           ; 
    43                           ; SFR Addresses
    44  0000                     	;# 
    45  0001                     	;# 
    46  0002                     	;# 
    47  0003                     	;# 
    48  0004                     	;# 
    49  0005                     	;# 
    50  0006                     	;# 
    51  0006                     _TRISGPIO	set	6
    52                           
    53                           ; #config settings
    54  0000                     
    55                           	psect	cinit
    56  001                     start_initialization:	
    57  001                     __initialization:	
    58  001                     end_of_initialization:	
    59                           ;End of C runtime variable initialization code
    60                           
    61  001                     __end_of__initialization:	
    62  001  064                	clrf	4
    63  002  BFC                	ljmp	_main	;jump to C main() function
    64                           
    65                           	psect	cstackCOMMON
    66  000                     __pcstackCOMMON:	
    67  000                     ??_main:	
    68                           
    69                           	psect	cstackBANK0
    70  000                     __pcstackBANK0:	
    71                           ; 1 bytes @ 0x0
    72                           
    73  000                     ?_main:	
    74                           
    75                           	psect	maintext
    76  1FC                     __pmaintext:	
    77                           ; 1 bytes @ 0x0
    78 ;;
    79 ;;Main: autosize = 0, tempsize = 0, incstack = 0, save=0
    80 ;;
    81 ;; *************** function _main *****************
    82 ;; Defined at:
    83 ;;		line 16 in file "newmain.c"
    84 ;; Parameters:    Size  Location     Type
    85 ;;		None
    86 ;; Auto vars:     Size  Location     Type
    87 ;;		None
    88 ;; Return value:  Size  Location     Type
    89 ;;                  1    6[None  ] void 
    90 ;; Registers used:
    91 ;;		wreg
    92 ;; Tracked objects:
    93 ;;		On entry : B00/0
    94 ;;		On exit  : 0/0
    95 ;;		Unchanged: 0/0
    96 ;; Data sizes:     COMMON   BANK0
    97 ;;      Params:         0       0
    98 ;;      Locals:         0       0
    99 ;;      Temps:          0       0
   100 ;;      Totals:         0       0
   101 ;;Total ram usage:        0 bytes
   102 ;; This function calls:
   103 ;;		Nothing
   104 ;; This function is called by:
   105 ;;		Startup code after reset
   106 ;; This function uses a non-reentrant model
   107 ;;
   108                           
   109                           
   110                           ;psect for function _main
   111  1FC                     _main:	
   112                           
   113                           ;newmain.c: 18: TRISGPIO = 0X02;
   114                           
   115                           ;incstack = 0
   116                           ; Regs used in _main: [wreg]
   117  1FC  C02                	movlw	2
   118  1FD  006                	tris	6
   119                           
   120                           ;newmain.c: 21: return;
   121  1FE  A00                	ljmp	start
   122  1FF                     __end_of_main:	
   123  001C                     btemp	set	28	;btemp
   124  001C                     wtemp0	set	28
   125  001E                     wtemp1	set	30
   126  001C                     ttemp0	set	28
   127  001C                     ltemp0	set	28


Data Sizes:
    Strings     0
    Constant    0
    Data        0
    BSS         0
    Persistent  0
    Stack       0

Auto Spaces:
    Space          Size  Autos    Used
    COMMON            0      0       0
    BANK0            23      0       0

Pointer List with Targets:

    None.

Critical Paths under _main in COMMON

    None.

Critical Paths under _main in BANK0

    None.

Call Graph Tables:

 ---------------------------------------------------------------------------------
 (Depth) Function   	        Calls       Base Space   Used Autos Params    Refs
 ---------------------------------------------------------------------------------
 (0) _main                                                 0     0      0       0
 ---------------------------------------------------------------------------------
 Estimated maximum stack depth 0
 ---------------------------------------------------------------------------------

 Call Graph Graphs:

 _main (ROOT)

 Address spaces:
Name               Size   Autos  Total    Cost      Usage
BITCOMMON            0      0       0       0        0.0%
NULL                 0      0       0       0        0.0%
CODE                 0      0       0       0        0.0%
BITSFR0              0      0       0       1        0.0%
SFR0                 0      0       0       1        0.0%
COMMON               0      0       0       1        0.0%
STACK                0      0       0       2        0.0%
BANK0               17      0       0       3        0.0%
ABS                  0      0       0       4        0.0%
BITBANK0            17      0       0       5        0.0%
DATA                 0      0       0       6        0.0%


Microchip Technology PIC Macro Assembler V1.44 build -154322312 
Symbol Table                                                                                   Tue Dec 05 13:27:19 2017

            __CFG_CP$OFF 0000                       fsr 0004             __CFG_WDT$OFF 0000  
                   _main 01FC                     btemp 001C                     start 0000  
                  ?_main 0000                    ltemp0 001C                    ttemp0 001C  
                  wtemp0 001C                    wtemp1 001E           __CFG_MCLRE$OFF 0000  
        __initialization 0001             __end_of_main 01FF                   ??_main 0000  
         __CFG_OSC$IntRC 0000  __end_of__initialization 0001           __pcstackCOMMON 0000  
             __pmaintext 01FC     end_of_initialization 0001      start_initialization 0001  
              ___latbits 0000            __pcstackBANK0 0000                 _TRISGPIO 0006  
          __size_of_main 0003  
