

Microchip Technology PIC LITE Macro Assembler V1.44 build -154322312 
                                                                                               Tue Dec 12 13:35:52 2017

Microchip Technology Omniscient Code Generator v1.44 (Free mode) build 201709140600
     1                           	processor	12F675
     2                           	opt	pw 120
     3                           	opt	lm
     4                           	psect	cinit,global,class=CODE,merge=1,delta=2
     5                           	psect	cstackCOMMON,global,class=COMMON,space=1,delta=1
     6                           	psect	cstackBANK0,global,class=BANK0,space=1,delta=1
     7                           	psect	maintext,global,class=CODE,split=1,delta=2
     8                           	dabs	1,0x5E,2
     9  0000                     
    10                           ; Version 1.44
    11                           ; Generated 14/09/2017 GMT
    12                           ; 
    13                           ; Copyright © 2017, Microchip Technology Inc. and its subsidiaries ("Microchip")
    14                           ; All rights reserved.
    15                           ; 
    16                           ; This software is developed by Microchip Technology Inc. and its subsidiaries ("Microch
      +                          ip").
    17                           ; 
    18                           ; Redistribution and use in source and binary forms, with or without modification, are
    19                           ; permitted provided that the following conditions are met:
    20                           ; 
    21                           ;     1. Redistributions of source code must retain the above copyright notice, this lis
      +                          t of
    22                           ;        conditions and the following disclaimer.
    23                           ; 
    24                           ;     2. Redistributions in binary form must reproduce the above copyright notice, this 
      +                          list
    25                           ;        of conditions and the following disclaimer in the documentation and/or other
    26                           ;        materials provided with the distribution.
    27                           ; 
    28                           ;     3. Microchip's name may not be used to endorse or promote products derived from th
      +                          is
    29                           ;        software without specific prior written permission.
    30                           ; 
    31                           ; THIS SOFTWARE IS PROVIDED BY MICROCHIP "AS IS" AND ANY EXPRESS OR IMPLIED WARRANTIES,
    32                           ; INCLUDING, BUT NOT LIMITED TO, THE IMPLIED WARRANTIES OF MERCHANTABILITY AND FITNESS F
      +                          OR
    33                           ; PURPOSE ARE DISCLAIMED.  IN NO EVENT SHALL MICROCHIP BE LIABLE FOR ANY DIRECT, INDIREC
      +                          T,
    34                           ; INCIDENTAL, SPECIAL, EXEMPLARY, OR CONSEQUENTIAL DAMAGES (INCLUDING BUT NOT LIMITED TO
    35                           ; PROCUREMENT OF SUBSTITUTE GOODS OR SERVICES; LOSS OF USE, DATA OR PROFITS; OR BUSINESS
    36                           ; INTERRUPTION) HOWSOEVER CAUSED AND ON ANY THEORY OF LIABILITY, WHETHER IN CONTRACT, ST
      +                          RICT
    37                           ; LIABILITY, OR TORT (INCLUDING NEGLIGENCE OR OTHERWISE) ARISING IN ANY WAY OUT OF THE U
      +                          SE OF
    38                           ; THIS SOFTWARE, EVEN IF ADVISED OF THE POSSIBILITY OF SUCH DAMAGE.
    39                           ; 
    40                           ; 
    41                           ; Code-generator required, PIC12F675 Definitions
    42                           ; 
    43                           ; SFR Addresses
    44  0000                     	;# 
    45  0001                     	;# 
    46  0002                     	;# 
    47  0003                     	;# 
    48  0004                     	;# 
    49  0005                     	;# 
    50  000A                     	;# 
    51  000B                     	;# 
    52  000C                     	;# 
    53  000E                     	;# 
    54  000E                     	;# 
    55  000F                     	;# 
    56  0010                     	;# 
    57  0019                     	;# 
    58  001E                     	;# 
    59  001F                     	;# 
    60  0081                     	;# 
    61  0085                     	;# 
    62  008C                     	;# 
    63  008E                     	;# 
    64  0090                     	;# 
    65  0095                     	;# 
    66  0096                     	;# 
    67  0096                     	;# 
    68  0099                     	;# 
    69  009A                     	;# 
    70  009A                     	;# 
    71  009B                     	;# 
    72  009C                     	;# 
    73  009D                     	;# 
    74  009E                     	;# 
    75  009F                     	;# 
    76  0001                     _TMR0	set	1
    77  0019                     _CMCON	set	25
    78  001E                     _ADRESH	set	30
    79  001F                     _ADCON0	set	31
    80  005A                     _T0IF	set	90
    81  0028                     _GP0	set	40
    82  002A                     _GP2	set	42
    83  00F9                     _GO_nDONE	set	249
    84  0081                     _OPTION_REG	set	129
    85  0099                     _VRCON	set	153
    86  009F                     _ANSEL	set	159
    87  009E                     _ADRESL	set	158
    88  042D                     _TRISIO5	set	1069
    89  042B                     _TRISIO3	set	1067
    90  042C                     _TRISIO4	set	1068
    91  042A                     _TRISIO2	set	1066
    92  0429                     _TRISIO1	set	1065
    93  0428                     _TRISIO0	set	1064
    94                           
    95                           ; #config settings
    96  0000                     
    97                           	psect	cinit
    98  03FD                     start_initialization:	
    99  03FD                     __initialization:	
   100  03FD                     end_of_initialization:	
   101                           ;End of C runtime variable initialization code
   102                           
   103  03FD                     __end_of__initialization:	
   104  03FD  0183               	clrf	3
   105  03FE  2BC6               	ljmp	_main	;jump to C main() function
   106                           
   107                           	psect	cstackCOMMON
   108  0000                     __pcstackCOMMON:	
   109  0000                     ??_main:	
   110                           
   111                           	psect	cstackBANK0
   112  0020                     __pcstackBANK0:	
   113                           ; 1 bytes @ 0x0
   114                           
   115  0020                     ?_main:	
   116  0020                     main@aread1:	
   117                           ; 1 bytes @ 0x0
   118                           
   119                           
   120                           ; 2 bytes @ 0x0
   121  0020                     	ds	2
   122  0022                     main@aread2:	
   123                           
   124                           ; 2 bytes @ 0x2
   125  0022                     	ds	2
   126  0024                     main@count:	
   127                           
   128                           ; 2 bytes @ 0x4
   129  0024                     	ds	2
   130                           
   131                           	psect	maintext
   132  03C6                     __pmaintext:	
   133 ;;
   134 ;;Main: autosize = 0, tempsize = 0, incstack = 0, save=0
   135 ;;
   136 ;; *************** function _main *****************
   137 ;; Defined at:
   138 ;;		line 34 in file "self.c"
   139 ;; Parameters:    Size  Location     Type
   140 ;;		None
   141 ;; Auto vars:     Size  Location     Type
   142 ;;  count           2    4[BANK0 ] int 
   143 ;;  aread2          2    2[BANK0 ] unsigned int 
   144 ;;  aread1          2    0[BANK0 ] unsigned int 
   145 ;; Return value:  Size  Location     Type
   146 ;;                  1    wreg      void 
   147 ;; Registers used:
   148 ;;		wreg, status,2, btemp+1
   149 ;; Tracked objects:
   150 ;;		On entry : B00/0
   151 ;;		On exit  : 0/0
   152 ;;		Unchanged: 0/0
   153 ;; Data sizes:     COMMON   BANK0
   154 ;;      Params:         0       0
   155 ;;      Locals:         0       6
   156 ;;      Temps:          0       0
   157 ;;      Totals:         0       6
   158 ;;Total ram usage:        6 bytes
   159 ;; This function calls:
   160 ;;		Nothing
   161 ;; This function is called by:
   162 ;;		Startup code after reset
   163 ;; This function uses a non-reentrant model
   164 ;;
   165                           
   166                           
   167                           ;psect for function _main
   168  03C6                     _main:	
   169                           
   170                           ;self.c: 36: TRISIO0 = 0;
   171                           
   172                           ;incstack = 0
   173                           ; Regs used in _main: [wreg+status,2+btemp+1]
   174  03C6  1683               	bsf	3,5	;RP0=1, select bank1
   175  03C7  1005               	bcf	5,0	;volatile
   176                           
   177                           ;self.c: 37: TRISIO1 = 1;
   178  03C8  1485               	bsf	5,1	;volatile
   179                           
   180                           ;self.c: 38: TRISIO2 = 0;
   181  03C9  1105               	bcf	5,2	;volatile
   182                           
   183                           ;self.c: 39: TRISIO4 = 1;
   184  03CA  1605               	bsf	5,4	;volatile
   185                           
   186                           ;self.c: 40: TRISIO3 = 1;
   187  03CB  1585               	bsf	5,3	;volatile
   188                           
   189                           ;self.c: 41: TRISIO5 = 1;
   190  03CC  1685               	bsf	5,5	;volatile
   191                           
   192                           ;self.c: 43: ANSEL = 0X09;
   193  03CD  3009               	movlw	9
   194  03CE  009F               	movwf	31	;volatile
   195                           
   196                           ;self.c: 44: CMCON = 0X07;
   197  03CF  3007               	movlw	7
   198  03D0  1283               	bcf	3,5	;RP0=0, select bank0
   199  03D1  0099               	movwf	25	;volatile
   200                           
   201                           ;self.c: 45: ADCON0 = 0X83;
   202  03D2  3083               	movlw	131
   203  03D3  009F               	movwf	31	;volatile
   204                           
   205                           ;self.c: 46: VRCON = 0X00;
   206  03D4  1683               	bsf	3,5	;RP0=1, select bank1
   207  03D5  0199               	clrf	25	;volatile
   208                           
   209                           ;self.c: 47: OPTION_REG = 0x07;
   210  03D6  3007               	movlw	7
   211  03D7  0081               	movwf	1	;volatile
   212                           
   213                           ;self.c: 48: TMR0 = 0x00;
   214  03D8  1283               	bcf	3,5	;RP0=0, select bank0
   215  03D9  0181               	clrf	1	;volatile
   216                           
   217                           ;self.c: 51: int count = 0;
   218  03DA  01A4               	clrf	main@count
   219  03DB  01A5               	clrf	main@count+1
   220                           
   221                           ;self.c: 53: unsigned int aread1 = 0;
   222  03DC  01A0               	clrf	main@aread1
   223  03DD  01A1               	clrf	main@aread1+1
   224                           
   225                           ;self.c: 54: unsigned int aread2 = 0;
   226  03DE  01A2               	clrf	main@aread2
   227  03DF  01A3               	clrf	main@aread2+1
   228                           
   229                           ;self.c: 56: GP2 = 0;
   230  03E0  1105               	bcf	5,2	;volatile
   231                           
   232                           ;self.c: 57: GP0 = 0;
   233  03E1  1005               	bcf	5,0	;volatile
   234  03E2                     l571:	
   235                           ;self.c: 58: while(1)
   236                           
   237                           
   238                           ;self.c: 59: {
   239                           ;self.c: 63: if(!T0IF)
   240  03E2  190B               	btfsc	11,2	;volatile
   241  03E3  2BE2               	goto	l571
   242                           
   243                           ;self.c: 64: {
   244                           ;self.c: 65: T0IF = 0;
   245  03E4  110B               	bcf	11,2	;volatile
   246                           
   247                           ;self.c: 66: count++;
   248  03E5  3001               	movlw	1
   249  03E6  1283               	bcf	3,5	;RP0=0, select bank0
   250  03E7  07A4               	addwf	main@count,f
   251  03E8  1803               	skipnc
   252  03E9  0AA5               	incf	main@count+1,f
   253  03EA  3000               	movlw	0
   254  03EB  07A5               	addwf	main@count+1,f
   255                           
   256                           ;self.c: 67: if(count < 30)
   257  03EC  0825               	movf	main@count+1,w
   258  03ED  3A80               	xorlw	128
   259  03EE  00DF               	movwf	95
   260  03EF  3080               	movlw	128
   261  03F0  025F               	subwf	95,w
   262  03F1  1D03               	skipz
   263  03F2  2BF5               	goto	u65
   264  03F3  301E               	movlw	30
   265  03F4  0224               	subwf	main@count,w
   266  03F5                     u65:	
   267  03F5  1803               	skipnc
   268  03F6  2BFA               	goto	l57
   269                           
   270                           ;self.c: 68: {
   271                           ;self.c: 69: GP2 = 1;
   272  03F7  1283               	bcf	3,5	;RP0=0, select bank0
   273  03F8  1505               	bsf	5,2	;volatile
   274                           
   275                           ;self.c: 70: }
   276  03F9  2BE2               	goto	l571
   277  03FA                     l57:	
   278                           
   279                           ;self.c: 71: else
   280                           ;self.c: 72: {
   281                           ;self.c: 73: GP2 = 0;
   282  03FA  1283               	bcf	3,5	;RP0=0, select bank0
   283  03FB  1105               	bcf	5,2	;volatile
   284  03FC  2BE2               	goto	l571
   285  03FD                     __end_of_main:	
   286  005E                     btemp	set	94	;btemp
   287  005E                     wtemp0	set	94


Data Sizes:
    Strings     0
    Constant    0
    Data        0
    BSS         0
    Persistent  0
    Stack       0

Auto Spaces:
    Space          Size  Autos    Used
    COMMON            0      0       0
    BANK0            62      6       6

Pointer List with Targets:

    None.

Critical Paths under _main in COMMON

    None.

Critical Paths under _main in BANK0

    None.

Call Graph Tables:

 ---------------------------------------------------------------------------------
 (Depth) Function   	        Calls       Base Space   Used Autos Params    Refs
 ---------------------------------------------------------------------------------
 (0) _main                                                 6     6      0      26
                                              0 BANK0      6     6      0
 ---------------------------------------------------------------------------------
 Estimated maximum stack depth 0
 ---------------------------------------------------------------------------------

 Call Graph Graphs:

 _main (ROOT)

 Address spaces:
Name               Size   Autos  Total    Cost      Usage
BITCOMMON            0      0       0       0        0.0%
EEDATA              80      0       0       0        0.0%
NULL                 0      0       0       0        0.0%
CODE                 0      0       0       0        0.0%
BITSFR0              0      0       0       1        0.0%
SFR0                 0      0       0       1        0.0%
COMMON               0      0       0       1        0.0%
BITSFR1              0      0       0       2        0.0%
SFR1                 0      0       0       2        0.0%
STACK                0      0       0       2        0.0%
BITBANK0            3E      0       0       3        0.0%
BANK0               3E      6       6       4        9.7%
ABS                  0      0       0       5        0.0%
DATA                 0      0       0       6        0.0%


Microchip Technology PIC Macro Assembler V1.44 build -154322312 
Symbol Table                                                                                   Tue Dec 12 13:35:52 2017

            __CFG_CP$OFF 0000                       l57 03FA                       u65 03F5  
                    l571 03E2                      _GP0 0028                      _GP2 002A  
           __CFG_CPD$OFF 0000                     _T0IF 005A                     _TMR0 0001  
                   _main 03C6                     btemp 005E                     start 0000  
                  ?_main 0020            __CFG_WDTE$OFF 0000                    _CMCON 0019  
                  _ANSEL 009F                    _VRCON 0099           __CFG_BOREN$OFF 0000  
                  status 0003                    wtemp0 005E           __CFG_MCLRE$OFF 0000  
        __initialization 03FD             __end_of_main 03FD                   ??_main 0000  
                 _ADCON0 001F                   _ADRESH 001E                   _ADRESL 009E  
         __CFG_PWRTE$OFF 0000  __end_of__initialization 03FD           __pcstackCOMMON 0000  
             __pmaintext 03C6                  _TRISIO0 0428                  _TRISIO1 0429  
                _TRISIO2 042A                  _TRISIO3 042B                  _TRISIO4 042C  
                _TRISIO5 042D     end_of_initialization 03FD               main@aread1 0020  
             main@aread2 0022      start_initialization 03FD                ___latbits 0000  
          __pcstackBANK0 0020                 _GO_nDONE 00F9                main@count 0024  
          __size_of_main 0037               _OPTION_REG 0081        __CFG_FOSC$INTRCIO 0000  
