

Microchip Technology PIC LITE Macro Assembler V1.44 build -154322312 
                                                                                               Wed Dec 13 11:25:23 2017

Microchip Technology Omniscient Code Generator v1.44 (Free mode) build 201709140600
     1                           	processor	16F883
     2                           	opt	pw 120
     3                           	opt	lm
     4                           	psect	cinit,global,class=CODE,merge=1,delta=2
     5                           	psect	bssCOMMON,global,class=COMMON,space=1,delta=1
     6                           	psect	cstackCOMMON,global,class=COMMON,space=1,delta=1
     7                           	psect	maintext,global,class=CODE,split=1,delta=2
     8                           	dabs	1,0x7E,2
     9  0000                     
    10                           ; Version 1.44
    11                           ; Generated 14/09/2017 GMT
    12                           ; 
    13                           ; Copyright © 2017, Microchip Technology Inc. and its subsidiaries ("Microchip")
    14                           ; All rights reserved.
    15                           ; 
    16                           ; This software is developed by Microchip Technology Inc. and its subsidiaries ("Microch
      +                          ip").
    17                           ; 
    18                           ; Redistribution and use in source and binary forms, with or without modification, are
    19                           ; permitted provided that the following conditions are met:
    20                           ; 
    21                           ;     1. Redistributions of source code must retain the above copyright notice, this lis
      +                          t of
    22                           ;        conditions and the following disclaimer.
    23                           ; 
    24                           ;     2. Redistributions in binary form must reproduce the above copyright notice, this 
      +                          list
    25                           ;        of conditions and the following disclaimer in the documentation and/or other
    26                           ;        materials provided with the distribution.
    27                           ; 
    28                           ;     3. Microchip's name may not be used to endorse or promote products derived from th
      +                          is
    29                           ;        software without specific prior written permission.
    30                           ; 
    31                           ; THIS SOFTWARE IS PROVIDED BY MICROCHIP "AS IS" AND ANY EXPRESS OR IMPLIED WARRANTIES,
    32                           ; INCLUDING, BUT NOT LIMITED TO, THE IMPLIED WARRANTIES OF MERCHANTABILITY AND FITNESS F
      +                          OR
    33                           ; PURPOSE ARE DISCLAIMED.  IN NO EVENT SHALL MICROCHIP BE LIABLE FOR ANY DIRECT, INDIREC
      +                          T,
    34                           ; INCIDENTAL, SPECIAL, EXEMPLARY, OR CONSEQUENTIAL DAMAGES (INCLUDING BUT NOT LIMITED TO
    35                           ; PROCUREMENT OF SUBSTITUTE GOODS OR SERVICES; LOSS OF USE, DATA OR PROFITS; OR BUSINESS
    36                           ; INTERRUPTION) HOWSOEVER CAUSED AND ON ANY THEORY OF LIABILITY, WHETHER IN CONTRACT, ST
      +                          RICT
    37                           ; LIABILITY, OR TORT (INCLUDING NEGLIGENCE OR OTHERWISE) ARISING IN ANY WAY OUT OF THE U
      +                          SE OF
    38                           ; THIS SOFTWARE, EVEN IF ADVISED OF THE POSSIBILITY OF SUCH DAMAGE.
    39                           ; 
    40                           ; 
    41                           ; Code-generator required, PIC16F883 Definitions
    42                           ; 
    43                           ; SFR Addresses
    44  0000                     	;# 
    45  0001                     	;# 
    46  0002                     	;# 
    47  0003                     	;# 
    48  0004                     	;# 
    49  0005                     	;# 
    50  0006                     	;# 
    51  0007                     	;# 
    52  0009                     	;# 
    53  000A                     	;# 
    54  000B                     	;# 
    55  000C                     	;# 
    56  000D                     	;# 
    57  000E                     	;# 
    58  000E                     	;# 
    59  000F                     	;# 
    60  0010                     	;# 
    61  0011                     	;# 
    62  0012                     	;# 
    63  0013                     	;# 
    64  0014                     	;# 
    65  0015                     	;# 
    66  0015                     	;# 
    67  0016                     	;# 
    68  0017                     	;# 
    69  0018                     	;# 
    70  0019                     	;# 
    71  001A                     	;# 
    72  001B                     	;# 
    73  001B                     	;# 
    74  001C                     	;# 
    75  001D                     	;# 
    76  001E                     	;# 
    77  001F                     	;# 
    78  0081                     	;# 
    79  0085                     	;# 
    80  0086                     	;# 
    81  0087                     	;# 
    82  0089                     	;# 
    83  008C                     	;# 
    84  008D                     	;# 
    85  008E                     	;# 
    86  008F                     	;# 
    87  0090                     	;# 
    88  0091                     	;# 
    89  0092                     	;# 
    90  0093                     	;# 
    91  0093                     	;# 
    92  0093                     	;# 
    93  0094                     	;# 
    94  0095                     	;# 
    95  0096                     	;# 
    96  0097                     	;# 
    97  0098                     	;# 
    98  0099                     	;# 
    99  009A                     	;# 
   100  009B                     	;# 
   101  009C                     	;# 
   102  009D                     	;# 
   103  009E                     	;# 
   104  009F                     	;# 
   105  0105                     	;# 
   106  0107                     	;# 
   107  0108                     	;# 
   108  0109                     	;# 
   109  010C                     	;# 
   110  010C                     	;# 
   111  010D                     	;# 
   112  010E                     	;# 
   113  010F                     	;# 
   114  0185                     	;# 
   115  0187                     	;# 
   116  0188                     	;# 
   117  0189                     	;# 
   118  018C                     	;# 
   119  018D                     	;# 
   120  0007                     _PORTC	set	7
   121  0005                     _PORTA	set	5
   122  0038                     _RC0	set	56
   123  0081                     _OPTION_REG	set	129
   124  0095                     _WPUB	set	149
   125  0087                     _TRISC	set	135
   126  0086                     _TRISB	set	134
   127  0085                     _TRISA	set	133
   128                           
   129                           ; #config settings
   130  0000                     
   131                           	psect	cinit
   132  07FB                     start_initialization:	
   133  07FB                     __initialization:	
   134                           
   135                           ; Clear objects allocated to COMMON
   136  07FB  01F0               	clrf	__pbssCOMMON& (0+127)
   137  07FC  01F1               	clrf	(__pbssCOMMON+1)& (0+127)
   138  07FD                     end_of_initialization:	
   139                           ;End of C runtime variable initialization code
   140                           
   141  07FD                     __end_of__initialization:	
   142  07FD  0183               	clrf	3
   143  07FE  118A  2FE8         	ljmp	_main	;jump to C main() function
   144                           
   145                           	psect	bssCOMMON
   146  0070                     __pbssCOMMON:	
   147  0070                     _count:	
   148  0070                     	ds	2
   149                           
   150                           	psect	cstackCOMMON
   151  0000                     __pcstackCOMMON:	
   152  0000                     ??_main:	
   153  0000                     ?_main:	
   154                           ; 1 bytes @ 0x0
   155                           
   156                           
   157                           	psect	maintext
   158  07E8                     __pmaintext:	
   159                           ; 2 bytes @ 0x0
   160 ;;
   161 ;;Main: autosize = 0, tempsize = 0, incstack = 0, save=0
   162 ;;
   163 ;; *************** function _main *****************
   164 ;; Defined at:
   165 ;;		line 38 in file "sdsam.c"
   166 ;; Parameters:    Size  Location     Type
   167 ;;		None
   168 ;; Auto vars:     Size  Location     Type
   169 ;;		None
   170 ;; Return value:  Size  Location     Type
   171 ;;                  2   22[None  ] int 
   172 ;; Registers used:
   173 ;;		wreg, status,2
   174 ;; Tracked objects:
   175 ;;		On entry : B00/0
   176 ;;		On exit  : 0/0
   177 ;;		Unchanged: 0/0
   178 ;; Data sizes:     COMMON   BANK0   BANK1   BANK2
   179 ;;      Params:         0       0       0       0
   180 ;;      Locals:         0       0       0       0
   181 ;;      Temps:          0       0       0       0
   182 ;;      Totals:         0       0       0       0
   183 ;;Total ram usage:        0 bytes
   184 ;; This function calls:
   185 ;;		Nothing
   186 ;; This function is called by:
   187 ;;		Startup code after reset
   188 ;; This function uses a non-reentrant model
   189 ;;
   190                           
   191                           
   192                           ;psect for function _main
   193  07E8                     _main:	
   194                           
   195                           ;sdsam.c: 40: TRISA = 0x00;
   196                           
   197                           ;incstack = 0
   198                           ; Regs used in _main: [wreg+status,2]
   199  07E8  1683               	bsf	3,5	;RP0=1, select bank1
   200  07E9  1303               	bcf	3,6	;RP1=0, select bank1
   201  07EA  0185               	clrf	5	;volatile
   202                           
   203                           ;sdsam.c: 41: TRISB = 0xFF;
   204  07EB  30FF               	movlw	255
   205  07EC  0086               	movwf	6	;volatile
   206                           
   207                           ;sdsam.c: 42: TRISC = 0x00;
   208  07ED  0187               	clrf	7	;volatile
   209                           
   210                           ;sdsam.c: 43: PORTA = 0X00;
   211  07EE  1283               	bcf	3,5	;RP0=0, select bank0
   212  07EF  1303               	bcf	3,6	;RP1=0, select bank0
   213  07F0  0185               	clrf	5	;volatile
   214                           
   215                           ;sdsam.c: 44: PORTC = 0X00;
   216  07F1  0187               	clrf	7	;volatile
   217                           
   218                           ;sdsam.c: 45: WPUB = 0XFF;
   219  07F2  30FF               	movlw	255
   220  07F3  1683               	bsf	3,5	;RP0=1, select bank1
   221  07F4  1303               	bcf	3,6	;RP1=0, select bank1
   222  07F5  0095               	movwf	21	;volatile
   223                           
   224                           ;sdsam.c: 46: OPTION_REG = 0x07;
   225  07F6  3007               	movlw	7
   226  07F7  0081               	movwf	1	;volatile
   227  07F8                     l496:	
   228                           ;sdsam.c: 47: while(1)
   229                           
   230                           
   231                           ;sdsam.c: 48: {
   232                           ;sdsam.c: 49: RC0 = 1;
   233  07F8  1283               	bcf	3,5	;RP0=0, select bank0
   234  07F9  1407               	bsf	7,0	;volatile
   235  07FA  2FF8               	goto	l496
   236  07FB                     __end_of_main:	
   237  007E                     btemp	set	126	;btemp
   238  007E                     wtemp0	set	126


Data Sizes:
    Strings     0
    Constant    0
    Data        0
    BSS         2
    Persistent  0
    Stack       0

Auto Spaces:
    Space          Size  Autos    Used
    COMMON           14      0       2
    BANK0            80      0       0
    BANK1            80      0       0
    BANK2            80      0       0

Pointer List with Targets:

    None.

Critical Paths under _main in COMMON

    None.

Critical Paths under _main in BANK0

    None.

Critical Paths under _main in BANK1

    None.

Critical Paths under _main in BANK2

    None.

Call Graph Tables:

 ---------------------------------------------------------------------------------
 (Depth) Function   	        Calls       Base Space   Used Autos Params    Refs
 ---------------------------------------------------------------------------------
 (0) _main                                                 0     0      0       0
 ---------------------------------------------------------------------------------
 Estimated maximum stack depth 0
 ---------------------------------------------------------------------------------

 Call Graph Graphs:

 _main (ROOT)

 Address spaces:
Name               Size   Autos  Total    Cost      Usage
BITCOMMON            E      0       0       0        0.0%
EEDATA             100      0       0       0        0.0%
NULL                 0      0       0       0        0.0%
CODE                 0      0       0       0        0.0%
COMMON               E      0       2       1       14.3%
BITSFR0              0      0       0       1        0.0%
SFR0                 0      0       0       1        0.0%
BITSFR1              0      0       0       2        0.0%
SFR1                 0      0       0       2        0.0%
STACK                0      0       0       2        0.0%
BANK0               50      0       0       3        0.0%
BITBANK1            50      0       0       4        0.0%
BITSFR3              0      0       0       4        0.0%
SFR3                 0      0       0       4        0.0%
BANK1               50      0       0       5        0.0%
BITSFR2              0      0       0       5        0.0%
SFR2                 0      0       0       5        0.0%
BITBANK2            50      0       0       6        0.0%
BANK2               50      0       0       7        0.0%
ABS                  0      0       2       8        0.0%
BITBANK0            50      0       0       9        0.0%
DATA                 0      0       2      10        0.0%


Microchip Technology PIC Macro Assembler V1.44 build -154322312 
Symbol Table                                                                                   Wed Dec 13 11:25:23 2017

             __CFG_CP$OFF 0000                       l496 07F8                       _RC0 0038  
            __CFG_CPD$OFF 0000              __CFG_LVP$OFF 0000                      _WPUB 0095  
            __CFG_WRT$OFF 0000                      _main 07E8                      btemp 007E  
           __CFG_BOREN$ON 0000                      start 0000             __CFG_IESO$OFF 0000  
                   ?_main 0000             __CFG_WDTE$OFF 0000                     _PORTA 0005  
                   _PORTC 0007                     _TRISA 0085                     _TRISB 0086  
                   _TRISC 0087            __CFG_FCMEN$OFF 0000                     _count 0070  
                   status 0003                     wtemp0 007E            __CFG_MCLRE$OFF 0000  
         __initialization 07FB              __end_of_main 07FB                    ??_main 0000  
          __CFG_PWRTE$OFF 0000   __end_of__initialization 07FD            __pcstackCOMMON 0000  
              __pmaintext 07E8      end_of_initialization 07FD       start_initialization 07FB  
__CFG_FOSC$INTRC_NOCLKOUT 0000               __pbssCOMMON 0070                 ___latbits 0001  
       __CFG_BOR4V$BOR40V 0000             __size_of_main 0013                _OPTION_REG 0081  
