

Microchip Technology PIC LITE Macro Assembler V1.44 build -154322312 
                                                                                               Mon Nov 20 13:01:31 2017

Microchip Technology Omniscient Code Generator v1.44 (Free mode) build 201709140600
     1                           	processor	16F676
     2                           	opt	pw 120
     3                           	opt	lm
     4                           	psect	cinit,global,class=CODE,merge=1,delta=2
     5                           	psect	cstackBANK0,global,class=BANK0,space=1,delta=1
     6                           	psect	maintext,global,class=CODE,split=1,delta=2
     7                           	dabs	1,0x5E,2
     8  0000                     
     9                           ; Version 1.44
    10                           ; Generated 14/09/2017 GMT
    11                           ; 
    12                           ; Copyright © 2017, Microchip Technology Inc. and its subsidiaries ("Microchip")
    13                           ; All rights reserved.
    14                           ; 
    15                           ; This software is developed by Microchip Technology Inc. and its subsidiaries ("Microch
      +                          ip").
    16                           ; 
    17                           ; Redistribution and use in source and binary forms, with or without modification, are
    18                           ; permitted provided that the following conditions are met:
    19                           ; 
    20                           ;     1. Redistributions of source code must retain the above copyright notice, this lis
      +                          t of
    21                           ;        conditions and the following disclaimer.
    22                           ; 
    23                           ;     2. Redistributions in binary form must reproduce the above copyright notice, this 
      +                          list
    24                           ;        of conditions and the following disclaimer in the documentation and/or other
    25                           ;        materials provided with the distribution.
    26                           ; 
    27                           ;     3. Microchip's name may not be used to endorse or promote products derived from th
      +                          is
    28                           ;        software without specific prior written permission.
    29                           ; 
    30                           ; THIS SOFTWARE IS PROVIDED BY MICROCHIP "AS IS" AND ANY EXPRESS OR IMPLIED WARRANTIES,
    31                           ; INCLUDING, BUT NOT LIMITED TO, THE IMPLIED WARRANTIES OF MERCHANTABILITY AND FITNESS F
      +                          OR
    32                           ; PURPOSE ARE DISCLAIMED.  IN NO EVENT SHALL MICROCHIP BE LIABLE FOR ANY DIRECT, INDIREC
      +                          T,
    33                           ; INCIDENTAL, SPECIAL, EXEMPLARY, OR CONSEQUENTIAL DAMAGES (INCLUDING BUT NOT LIMITED TO
    34                           ; PROCUREMENT OF SUBSTITUTE GOODS OR SERVICES; LOSS OF USE, DATA OR PROFITS; OR BUSINESS
    35                           ; INTERRUPTION) HOWSOEVER CAUSED AND ON ANY THEORY OF LIABILITY, WHETHER IN CONTRACT, ST
      +                          RICT
    36                           ; LIABILITY, OR TORT (INCLUDING NEGLIGENCE OR OTHERWISE) ARISING IN ANY WAY OUT OF THE U
      +                          SE OF
    37                           ; THIS SOFTWARE, EVEN IF ADVISED OF THE POSSIBILITY OF SUCH DAMAGE.
    38                           ; 
    39                           ; 
    40                           ; Code-generator required, PIC16F676 Definitions
    41                           ; 
    42                           ; SFR Addresses
    43  0000                     	;# 
    44  0001                     	;# 
    45  0002                     	;# 
    46  0003                     	;# 
    47  0004                     	;# 
    48  0005                     	;# 
    49  0007                     	;# 
    50  000A                     	;# 
    51  000B                     	;# 
    52  000C                     	;# 
    53  000E                     	;# 
    54  000E                     	;# 
    55  000F                     	;# 
    56  0010                     	;# 
    57  0019                     	;# 
    58  001E                     	;# 
    59  001F                     	;# 
    60  0081                     	;# 
    61  0085                     	;# 
    62  0087                     	;# 
    63  008C                     	;# 
    64  008E                     	;# 
    65  0090                     	;# 
    66  0091                     	;# 
    67  0095                     	;# 
    68  0095                     	;# 
    69  0096                     	;# 
    70  0096                     	;# 
    71  0099                     	;# 
    72  009A                     	;# 
    73  009A                     	;# 
    74  009B                     	;# 
    75  009C                     	;# 
    76  009D                     	;# 
    77  009E                     	;# 
    78  009F                     	;# 
    79  0038                     _RC0	set	56
    80  0087                     _TRISC	set	135
    81                           
    82                           ; #config settings
    83  0000                     
    84                           	psect	cinit
    85  03FD                     start_initialization:	
    86  03FD                     __initialization:	
    87  03FD                     end_of_initialization:	
    88                           ;End of C runtime variable initialization code
    89                           
    90  03FD                     __end_of__initialization:	
    91  03FD  0183               	clrf	3
    92  03FE  2BDC               	ljmp	_main	;jump to C main() function
    93                           
    94                           	psect	cstackBANK0
    95  0020                     __pcstackBANK0:	
    96  0020                     ??_main:	
    97  0020                     ?_main:	
    98                           ; 1 bytes @ 0x0
    99                           
   100                           
   101                           ; 2 bytes @ 0x0
   102  0020                     	ds	3
   103                           
   104                           	psect	maintext
   105  03DC                     __pmaintext:	
   106 ;;
   107 ;;Main: autosize = 0, tempsize = 3, incstack = 0, save=0
   108 ;;
   109 ;; *************** function _main *****************
   110 ;; Defined at:
   111 ;;		line 6 in file "main.c"
   112 ;; Parameters:    Size  Location     Type
   113 ;;		None
   114 ;; Auto vars:     Size  Location     Type
   115 ;;  a               2    0        unsigned int 
   116 ;; Return value:  Size  Location     Type
   117 ;;                  2   10[None  ] int 
   118 ;; Registers used:
   119 ;;		wreg, status,2
   120 ;; Tracked objects:
   121 ;;		On entry : B00/0
   122 ;;		On exit  : 0/0
   123 ;;		Unchanged: 0/0
   124 ;; Data sizes:     COMMON   BANK0
   125 ;;      Params:         0       0
   126 ;;      Locals:         0       0
   127 ;;      Temps:          0       3
   128 ;;      Totals:         0       3
   129 ;;Total ram usage:        3 bytes
   130 ;; This function calls:
   131 ;;		Nothing
   132 ;; This function is called by:
   133 ;;		Startup code after reset
   134 ;; This function uses a non-reentrant model
   135 ;;
   136                           
   137                           
   138                           ;psect for function _main
   139  03DC                     _main:	
   140                           
   141                           ;main.c: 8: unsigned int a;
   142                           ;main.c: 9: TRISC = 0x00;
   143                           
   144                           ;incstack = 0
   145                           ; Regs used in _main: [wreg+status,2]
   146  03DC  1683               	bsf	3,5	;RP0=1, select bank1
   147  03DD  0187               	clrf	7	;volatile
   148  03DE                     l486:	
   149                           ;main.c: 12: while(1)
   150                           
   151                           
   152                           ;main.c: 13: {
   153                           ;main.c: 16: RC0=1;
   154  03DE  1283               	bcf	3,5	;RP0=0, select bank0
   155  03DF  1407               	bsf	7,0	;volatile
   156                           
   157                           ;main.c: 17: _delay((unsigned long)((500)*(4000000/4000.0)));
   158  03E0  3003               	movlw	3
   159  03E1  00A2               	movwf	??_main+2
   160  03E2  308A               	movlw	138
   161  03E3  00A1               	movwf	??_main+1
   162  03E4  3055               	movlw	85
   163  03E5  00A0               	movwf	??_main
   164  03E6                     u17:	
   165  03E6  0BA0               	decfsz	??_main,f
   166  03E7  2BE6               	goto	u17
   167  03E8  0BA1               	decfsz	??_main+1,f
   168  03E9  2BE6               	goto	u17
   169  03EA  0BA2               	decfsz	??_main+2,f
   170  03EB  2BE6               	goto	u17
   171  03EC  2BED               	nop2
   172                           
   173                           ;main.c: 19: RC0=0;
   174  03ED  1283               	bcf	3,5	;RP0=0, select bank0
   175  03EE  1007               	bcf	7,0	;volatile
   176                           
   177                           ;main.c: 20: _delay((unsigned long)((500)*(4000000/4000.0)));
   178  03EF  3003               	movlw	3
   179  03F0  00A2               	movwf	??_main+2
   180  03F1  308A               	movlw	138
   181  03F2  00A1               	movwf	??_main+1
   182  03F3  3055               	movlw	85
   183  03F4  00A0               	movwf	??_main
   184  03F5                     u27:	
   185  03F5  0BA0               	decfsz	??_main,f
   186  03F6  2BF5               	goto	u27
   187  03F7  0BA1               	decfsz	??_main+1,f
   188  03F8  2BF5               	goto	u27
   189  03F9  0BA2               	decfsz	??_main+2,f
   190  03FA  2BF5               	goto	u27
   191  03FB  2BFC               	nop2
   192  03FC  2BDE               	goto	l486
   193  03FD                     __end_of_main:	
   194  005E                     btemp	set	94	;btemp
   195  005E                     wtemp0	set	94


Data Sizes:
    Strings     0
    Constant    0
    Data        0
    BSS         0
    Persistent  0
    Stack       0

Auto Spaces:
    Space          Size  Autos    Used
    COMMON            0      0       0
    BANK0            62      3       3

Pointer List with Targets:

    None.

Critical Paths under _main in COMMON

    None.

Critical Paths under _main in BANK0

    None.

Call Graph Tables:

 ---------------------------------------------------------------------------------
 (Depth) Function   	        Calls       Base Space   Used Autos Params    Refs
 ---------------------------------------------------------------------------------
 (0) _main                                                 5     5      0       0
                                              0 BANK0      3     3      0
 ---------------------------------------------------------------------------------
 Estimated maximum stack depth 0
 ---------------------------------------------------------------------------------

 Call Graph Graphs:

 _main (ROOT)

 Address spaces:
Name               Size   Autos  Total    Cost      Usage
BITCOMMON            0      0       0       0        0.0%
EEDATA              80      0       0       0        0.0%
NULL                 0      0       0       0        0.0%
CODE                 0      0       0       0        0.0%
BITSFR0              0      0       0       1        0.0%
SFR0                 0      0       0       1        0.0%
COMMON               0      0       0       1        0.0%
BITSFR1              0      0       0       2        0.0%
SFR1                 0      0       0       2        0.0%
STACK                0      0       0       2        0.0%
BITBANK0            3E      0       0       3        0.0%
BANK0               3E      3       3       4        4.8%
ABS                  0      0       0       5        0.0%
DATA                 0      0       0       6        0.0%


Microchip Technology PIC Macro Assembler V1.44 build -154322312 
Symbol Table                                                                                   Mon Nov 20 13:01:31 2017

                     u17 03E6                       u27 03F5                      l486 03DE  
                    _RC0 0038                     _main 03DC                     btemp 005E  
                   start 0000                    ?_main 0020            __CFG_WDTE$OFF 0000  
                  _TRISC 0087            __CFG_PWRTE$ON 0000           __CFG_BOREN$OFF 0000  
                  status 0003                    wtemp0 005E           __CFG_MCLRE$OFF 0000  
        __initialization 03FD             __end_of_main 03FD                   ??_main 0020  
__end_of__initialization 03FD               __pmaintext 03DC     end_of_initialization 03FD  
    start_initialization 03FD                ___latbits 0000            __pcstackBANK0 0020  
          __size_of_main 0021       __CFG_FOSC$INTRCCLK 0000  
