

Microchip Technology PIC LITE Macro Assembler V1.44 build -154322312 
                                                                                               Sat Jan 13 13:05:56 2018

Microchip Technology Omniscient Code Generator v1.44 (Free mode) build 201709140600
     1                           	processor	16F887
     2                           	opt	pw 120
     3                           	opt	lm
     4                           	psect	cinit,global,class=CODE,merge=1,delta=2
     5                           	psect	cstackCOMMON,global,class=COMMON,space=1,delta=1
     6                           	psect	maintext,global,class=CODE,split=1,delta=2
     7                           	dabs	1,0x7E,2
     8  0000                     
     9                           ; Version 1.44
    10                           ; Generated 14/09/2017 GMT
    11                           ; 
    12                           ; Copyright © 2017, Microchip Technology Inc. and its subsidiaries ("Microchip")
    13                           ; All rights reserved.
    14                           ; 
    15                           ; This software is developed by Microchip Technology Inc. and its subsidiaries ("Microch
      +                          ip").
    16                           ; 
    17                           ; Redistribution and use in source and binary forms, with or without modification, are
    18                           ; permitted provided that the following conditions are met:
    19                           ; 
    20                           ;     1. Redistributions of source code must retain the above copyright notice, this lis
      +                          t of
    21                           ;        conditions and the following disclaimer.
    22                           ; 
    23                           ;     2. Redistributions in binary form must reproduce the above copyright notice, this 
      +                          list
    24                           ;        of conditions and the following disclaimer in the documentation and/or other
    25                           ;        materials provided with the distribution.
    26                           ; 
    27                           ;     3. Microchip's name may not be used to endorse or promote products derived from th
      +                          is
    28                           ;        software without specific prior written permission.
    29                           ; 
    30                           ; THIS SOFTWARE IS PROVIDED BY MICROCHIP "AS IS" AND ANY EXPRESS OR IMPLIED WARRANTIES,
    31                           ; INCLUDING, BUT NOT LIMITED TO, THE IMPLIED WARRANTIES OF MERCHANTABILITY AND FITNESS F
      +                          OR
    32                           ; PURPOSE ARE DISCLAIMED.  IN NO EVENT SHALL MICROCHIP BE LIABLE FOR ANY DIRECT, INDIREC
      +                          T,
    33                           ; INCIDENTAL, SPECIAL, EXEMPLARY, OR CONSEQUENTIAL DAMAGES (INCLUDING BUT NOT LIMITED TO
    34                           ; PROCUREMENT OF SUBSTITUTE GOODS OR SERVICES; LOSS OF USE, DATA OR PROFITS; OR BUSINESS
    35                           ; INTERRUPTION) HOWSOEVER CAUSED AND ON ANY THEORY OF LIABILITY, WHETHER IN CONTRACT, ST
      +                          RICT
    36                           ; LIABILITY, OR TORT (INCLUDING NEGLIGENCE OR OTHERWISE) ARISING IN ANY WAY OUT OF THE U
      +                          SE OF
    37                           ; THIS SOFTWARE, EVEN IF ADVISED OF THE POSSIBILITY OF SUCH DAMAGE.
    38                           ; 
    39                           ; 
    40                           ; Code-generator required, PIC16F887 Definitions
    41                           ; 
    42                           ; SFR Addresses
    43  0000                     	;# 
    44  0001                     	;# 
    45  0002                     	;# 
    46  0003                     	;# 
    47  0004                     	;# 
    48  0005                     	;# 
    49  0006                     	;# 
    50  0007                     	;# 
    51  0008                     	;# 
    52  0009                     	;# 
    53  000A                     	;# 
    54  000B                     	;# 
    55  000C                     	;# 
    56  000D                     	;# 
    57  000E                     	;# 
    58  000E                     	;# 
    59  000F                     	;# 
    60  0010                     	;# 
    61  0011                     	;# 
    62  0012                     	;# 
    63  0013                     	;# 
    64  0014                     	;# 
    65  0015                     	;# 
    66  0015                     	;# 
    67  0016                     	;# 
    68  0017                     	;# 
    69  0018                     	;# 
    70  0019                     	;# 
    71  001A                     	;# 
    72  001B                     	;# 
    73  001B                     	;# 
    74  001C                     	;# 
    75  001D                     	;# 
    76  001E                     	;# 
    77  001F                     	;# 
    78  0081                     	;# 
    79  0085                     	;# 
    80  0086                     	;# 
    81  0087                     	;# 
    82  0088                     	;# 
    83  0089                     	;# 
    84  008C                     	;# 
    85  008D                     	;# 
    86  008E                     	;# 
    87  008F                     	;# 
    88  0090                     	;# 
    89  0091                     	;# 
    90  0092                     	;# 
    91  0093                     	;# 
    92  0093                     	;# 
    93  0093                     	;# 
    94  0094                     	;# 
    95  0095                     	;# 
    96  0096                     	;# 
    97  0097                     	;# 
    98  0098                     	;# 
    99  0099                     	;# 
   100  009A                     	;# 
   101  009B                     	;# 
   102  009C                     	;# 
   103  009D                     	;# 
   104  009E                     	;# 
   105  009F                     	;# 
   106  0105                     	;# 
   107  0107                     	;# 
   108  0108                     	;# 
   109  0109                     	;# 
   110  010C                     	;# 
   111  010C                     	;# 
   112  010D                     	;# 
   113  010E                     	;# 
   114  010F                     	;# 
   115  0185                     	;# 
   116  0187                     	;# 
   117  0188                     	;# 
   118  0189                     	;# 
   119  018C                     	;# 
   120  018D                     	;# 
   121  0013                     _SSPBUF	set	19
   122  0014                     _SSPCON	set	20
   123  0094                     _SSPSTAT	set	148
   124  043D                     _TRISC5	set	1085
   125  043B                     _TRISC3	set	1083
   126                           
   127                           ; #config settings
   128  0000                     
   129                           	psect	cinit
   130  07FC                     start_initialization:	
   131  07FC                     __initialization:	
   132  07FC                     end_of_initialization:	
   133                           ;End of C runtime variable initialization code
   134                           
   135  07FC                     __end_of__initialization:	
   136  07FC  0183               	clrf	3
   137  07FD  120A  118A  2FF0   	ljmp	_main	;jump to C main() function
   138                           
   139                           	psect	cstackCOMMON
   140  0000                     __pcstackCOMMON:	
   141  0000                     ??_main:	
   142  0000                     ?_main:	
   143                           ; 1 bytes @ 0x0
   144                           
   145                           
   146                           	psect	maintext
   147  07F0                     __pmaintext:	
   148                           ; 2 bytes @ 0x0
   149 ;;
   150 ;;Main: autosize = 0, tempsize = 0, incstack = 0, save=0
   151 ;;
   152 ;; *************** function _main *****************
   153 ;; Defined at:
   154 ;;		line 27 in file "newmain.c"
   155 ;; Parameters:    Size  Location     Type
   156 ;;		None
   157 ;; Auto vars:     Size  Location     Type
   158 ;;		None
   159 ;; Return value:  Size  Location     Type
   160 ;;                  2   14[None  ] int 
   161 ;; Registers used:
   162 ;;		wreg, status,2
   163 ;; Tracked objects:
   164 ;;		On entry : B00/0
   165 ;;		On exit  : 0/0
   166 ;;		Unchanged: 0/0
   167 ;; Data sizes:     COMMON   BANK0   BANK1   BANK3   BANK2
   168 ;;      Params:         0       0       0       0       0
   169 ;;      Locals:         0       0       0       0       0
   170 ;;      Temps:          0       0       0       0       0
   171 ;;      Totals:         0       0       0       0       0
   172 ;;Total ram usage:        0 bytes
   173 ;; This function calls:
   174 ;;		Nothing
   175 ;; This function is called by:
   176 ;;		Startup code after reset
   177 ;; This function uses a non-reentrant model
   178 ;;
   179                           
   180                           
   181                           ;psect for function _main
   182  07F0                     _main:	
   183                           
   184                           ;newmain.c: 29: TRISC3 = 0;
   185                           
   186                           ;incstack = 0
   187                           ; Regs used in _main: [wreg+status,2]
   188  07F0  1683               	bsf	3,5	;RP0=1, select bank1
   189  07F1  1303               	bcf	3,6	;RP1=0, select bank1
   190  07F2  1187               	bcf	7,3	;volatile
   191                           
   192                           ;newmain.c: 30: TRISC5 = 0;
   193  07F3  1287               	bcf	7,5	;volatile
   194                           
   195                           ;newmain.c: 31: SSPSTAT = 0;
   196  07F4  0194               	clrf	20	;volatile
   197                           
   198                           ;newmain.c: 32: SSPCON = 0x22;
   199  07F5  3022               	movlw	34
   200  07F6  1283               	bcf	3,5	;RP0=0, select bank0
   201  07F7  1303               	bcf	3,6	;RP1=0, select bank0
   202  07F8  0094               	movwf	20	;volatile
   203  07F9                     l484:	
   204                           ;newmain.c: 39: while(1){
   205                           
   206                           
   207                           ;newmain.c: 43: SSPBUF = 'a';
   208  07F9  3061               	movlw	97
   209  07FA  0093               	movwf	19	;volatile
   210  07FB  2FF9               	goto	l484
   211  07FC                     __end_of_main:	
   212  007E                     btemp	set	126	;btemp
   213  007E                     wtemp0	set	126


Data Sizes:
    Strings     0
    Constant    0
    Data        0
    BSS         0
    Persistent  0
    Stack       0

Auto Spaces:
    Space          Size  Autos    Used
    COMMON           14      0       0
    BANK0            80      0       0
    BANK1            80      0       0
    BANK3            96      0       0
    BANK2            96      0       0

Pointer List with Targets:

    None.

Critical Paths under _main in COMMON

    None.

Critical Paths under _main in BANK0

    None.

Critical Paths under _main in BANK1

    None.

Critical Paths under _main in BANK3

    None.

Critical Paths under _main in BANK2

    None.

Call Graph Tables:

 ---------------------------------------------------------------------------------
 (Depth) Function   	        Calls       Base Space   Used Autos Params    Refs
 ---------------------------------------------------------------------------------
 (0) _main                                                 0     0      0       0
 ---------------------------------------------------------------------------------
 Estimated maximum stack depth 0
 ---------------------------------------------------------------------------------

 Call Graph Graphs:

 _main (ROOT)

 Address spaces:
Name               Size   Autos  Total    Cost      Usage
BITCOMMON            E      0       0       0        0.0%
EEDATA             100      0       0       0        0.0%
NULL                 0      0       0       0        0.0%
CODE                 0      0       0       0        0.0%
COMMON               E      0       0       1        0.0%
BITSFR0              0      0       0       1        0.0%
SFR0                 0      0       0       1        0.0%
BITSFR1              0      0       0       2        0.0%
SFR1                 0      0       0       2        0.0%
STACK                0      0       0       2        0.0%
ABS                  0      0       0       3        0.0%
BITBANK0            50      0       0       4        0.0%
BITSFR3              0      0       0       4        0.0%
SFR3                 0      0       0       4        0.0%
BANK0               50      0       0       5        0.0%
BITSFR2              0      0       0       5        0.0%
SFR2                 0      0       0       5        0.0%
BITBANK1            50      0       0       6        0.0%
BANK1               50      0       0       7        0.0%
BITBANK3            60      0       0       8        0.0%
BANK3               60      0       0       9        0.0%
BITBANK2            60      0       0      10        0.0%
BANK2               60      0       0      11        0.0%
DATA                 0      0       0      12        0.0%


Microchip Technology PIC Macro Assembler V1.44 build -154322312 
Symbol Table                                                                                   Sat Jan 13 13:05:56 2018

             __CFG_CP$OFF 0000                       l484 07F9              __CFG_CPD$OFF 0000  
            __CFG_LVP$OFF 0000              __CFG_WRT$OFF 0000                      _main 07F0  
                    btemp 007E             __CFG_BOREN$ON 0000                      start 0000  
           __CFG_IESO$OFF 0000                     ?_main 0000             __CFG_WDTE$OFF 0000  
          __CFG_FCMEN$OFF 0000                     status 0003                     wtemp0 007E  
          __CFG_MCLRE$OFF 0000           __initialization 07FC              __end_of_main 07FC  
                  ??_main 0000                    _TRISC3 043B                    _TRISC5 043D  
                  _SSPCON 0014                    _SSPBUF 0013            __CFG_PWRTE$OFF 0000  
 __end_of__initialization 07FC            __pcstackCOMMON 0000                __pmaintext 07F0  
                 _SSPSTAT 0094      end_of_initialization 07FC       start_initialization 07FC  
__CFG_FOSC$INTRC_NOCLKOUT 0000                 ___latbits 0002         __CFG_BOR4V$BOR40V 0000  
           __size_of_main 000C  
